C:\USERS\EMPEOPLE\DESKTOP\SHOWCASE-NOROUTING\DEBUG\SHOWCASE-S.EXE
C:\USERS\EMPEOPLE\DESKTOP\SHOWCASE-NOROUTING\DEBUG\SHOWCASE-S.ILK
C:\USERS\EMPEOPLE\DESKTOP\SHOWCASE-NOROUTING\DEBUG\SHOWCASE-S.PDB
C:\USERS\EMPEOPLE\DESKTOP\SHOWCASE-NOROUTING\SHOWCASE-S\DEBUG\BATTERY.OBJ
C:\USERS\EMPEOPLE\DESKTOP\SHOWCASE-NOROUTING\SHOWCASE-S\DEBUG\NETWORK.OBJ
C:\USERS\EMPEOPLE\DESKTOP\SHOWCASE-NOROUTING\SHOWCASE-S\DEBUG\NODE.OBJ
C:\USERS\EMPEOPLE\DESKTOP\SHOWCASE-NOROUTING\SHOWCASE-S\DEBUG\PACKET.OBJ
C:\USERS\EMPEOPLE\DESKTOP\SHOWCASE-NOROUTING\SHOWCASE-S\DEBUG\SHOWCASE.OBJ
C:\USERS\EMPEOPLE\DESKTOP\SHOWCASE-NOROUTING\SHOWCASE-S\DEBUG\SHOWCASE.RES
C:\USERS\EMPEOPLE\DESKTOP\SHOWCASE-NOROUTING\SHOWCASE-S\DEBUG\SHOWCASEDLG.OBJ
C:\USERS\EMPEOPLE\DESKTOP\SHOWCASE-NOROUTING\SHOWCASE-S\DEBUG\SHOWCASE-S.EXE
C:\USERS\EMPEOPLE\DESKTOP\SHOWCASE-NOROUTING\SHOWCASE-S\DEBUG\SHOWCASE-S.EXE.EMBED.MANIFEST
C:\USERS\EMPEOPLE\DESKTOP\SHOWCASE-NOROUTING\SHOWCASE-S\DEBUG\SHOWCASE-S.EXE.EMBED.MANIFEST.RES
C:\USERS\EMPEOPLE\DESKTOP\SHOWCASE-NOROUTING\SHOWCASE-S\DEBUG\SHOWCASE-S.EXE.INTERMEDIATE.MANIFEST
C:\USERS\EMPEOPLE\DESKTOP\SHOWCASE-NOROUTING\SHOWCASE-S\DEBUG\SHOWCASE-S.ILK
C:\USERS\EMPEOPLE\DESKTOP\SHOWCASE-NOROUTING\SHOWCASE-S\DEBUG\SHOWCASE-S.PCH
C:\USERS\EMPEOPLE\DESKTOP\SHOWCASE-NOROUTING\SHOWCASE-S\DEBUG\SHOWCASE-S.PDB
C:\USERS\EMPEOPLE\DESKTOP\SHOWCASE-NOROUTING\SHOWCASE-S\DEBUG\STDAFX.OBJ
C:\USERS\EMPEOPLE\DESKTOP\SHOWCASE-NOROUTING\SHOWCASE-S\DEBUG\VC100.PDB
C:\USERS\EMPEOPLE\DESKTOP\SHOWCASE-NOROUTING\SHOWCASE-S\DEBUG\VC110.PDB
C:\USERS\EMPEOPLE2\DESKTOP\SHOWCASE-NOROUTING\SHOWCASE-S\DEBUG\BATTERY.OBJ
C:\Users\EMPEOPLE2\Desktop\ShowCase-NoRouting\ShowCase-S\Debug\cl.command.1.tlog
C:\Users\EMPEOPLE2\Desktop\ShowCase-NoRouting\ShowCase-S\Debug\CL.read.1.tlog
C:\Users\EMPEOPLE2\Desktop\ShowCase-NoRouting\ShowCase-S\Debug\CL.write.1.tlog
C:\Users\EMPEOPLE2\Desktop\ShowCase-NoRouting\ShowCase-S\Debug\link.14100.read.1.tlog
C:\Users\EMPEOPLE2\Desktop\ShowCase-NoRouting\ShowCase-S\Debug\link.14100.write.1.tlog
C:\Users\EMPEOPLE2\Desktop\ShowCase-NoRouting\ShowCase-S\Debug\link.14100-cvtres.read.1.tlog
C:\Users\EMPEOPLE2\Desktop\ShowCase-NoRouting\ShowCase-S\Debug\link.14100-cvtres.write.1.tlog
C:\Users\EMPEOPLE2\Desktop\ShowCase-NoRouting\ShowCase-S\Debug\link.14156.read.1.tlog
C:\Users\EMPEOPLE2\Desktop\ShowCase-NoRouting\ShowCase-S\Debug\link.14156.write.1.tlog
C:\Users\EMPEOPLE2\Desktop\ShowCase-NoRouting\ShowCase-S\Debug\link.19192.read.1.tlog
C:\Users\EMPEOPLE2\Desktop\ShowCase-NoRouting\ShowCase-S\Debug\link.19192.write.1.tlog
C:\Users\EMPEOPLE2\Desktop\ShowCase-NoRouting\ShowCase-S\Debug\link.3992.read.1.tlog
C:\Users\EMPEOPLE2\Desktop\ShowCase-NoRouting\ShowCase-S\Debug\link.3992.write.1.tlog
C:\Users\EMPEOPLE2\Desktop\ShowCase-NoRouting\ShowCase-S\Debug\link.3992-cvtres.read.1.tlog
C:\Users\EMPEOPLE2\Desktop\ShowCase-NoRouting\ShowCase-S\Debug\link.3992-cvtres.write.1.tlog
C:\Users\EMPEOPLE2\Desktop\ShowCase-NoRouting\ShowCase-S\Debug\link.3992-mt.read.1.tlog
C:\Users\EMPEOPLE2\Desktop\ShowCase-NoRouting\ShowCase-S\Debug\link.3992-mt.write.1.tlog
C:\Users\EMPEOPLE2\Desktop\ShowCase-NoRouting\ShowCase-S\Debug\link.3992-rc.read.1.tlog
C:\Users\EMPEOPLE2\Desktop\ShowCase-NoRouting\ShowCase-S\Debug\link.3992-rc.write.1.tlog
C:\Users\EMPEOPLE2\Desktop\ShowCase-NoRouting\ShowCase-S\Debug\link.4136.read.1.tlog
C:\Users\EMPEOPLE2\Desktop\ShowCase-NoRouting\ShowCase-S\Debug\link.4136.write.1.tlog
C:\Users\EMPEOPLE2\Desktop\ShowCase-NoRouting\ShowCase-S\Debug\link.4136-cvtres.read.1.tlog
C:\Users\EMPEOPLE2\Desktop\ShowCase-NoRouting\ShowCase-S\Debug\link.4136-cvtres.write.1.tlog
C:\Users\EMPEOPLE2\Desktop\ShowCase-NoRouting\ShowCase-S\Debug\link.4136-mt.read.1.tlog
C:\Users\EMPEOPLE2\Desktop\ShowCase-NoRouting\ShowCase-S\Debug\link.4136-mt.write.1.tlog
C:\Users\EMPEOPLE2\Desktop\ShowCase-NoRouting\ShowCase-S\Debug\link.4136-rc.read.1.tlog
C:\Users\EMPEOPLE2\Desktop\ShowCase-NoRouting\ShowCase-S\Debug\link.4136-rc.write.1.tlog
C:\Users\EMPEOPLE2\Desktop\ShowCase-NoRouting\ShowCase-S\Debug\link.6600.read.1.tlog
C:\Users\EMPEOPLE2\Desktop\ShowCase-NoRouting\ShowCase-S\Debug\link.6600.write.1.tlog
C:\Users\EMPEOPLE2\Desktop\ShowCase-NoRouting\ShowCase-S\Debug\link.6600-cvtres.read.1.tlog
C:\Users\EMPEOPLE2\Desktop\ShowCase-NoRouting\ShowCase-S\Debug\link.6600-cvtres.write.1.tlog
C:\Users\EMPEOPLE2\Desktop\ShowCase-NoRouting\ShowCase-S\Debug\link.6600-mt.read.1.tlog
C:\Users\EMPEOPLE2\Desktop\ShowCase-NoRouting\ShowCase-S\Debug\link.6600-mt.write.1.tlog
C:\Users\EMPEOPLE2\Desktop\ShowCase-NoRouting\ShowCase-S\Debug\link.6600-rc.read.1.tlog
C:\Users\EMPEOPLE2\Desktop\ShowCase-NoRouting\ShowCase-S\Debug\link.6600-rc.write.1.tlog
C:\Users\EMPEOPLE2\Desktop\ShowCase-NoRouting\ShowCase-S\Debug\link.6840.read.1.tlog
C:\Users\EMPEOPLE2\Desktop\ShowCase-NoRouting\ShowCase-S\Debug\link.6840.write.1.tlog
C:\Users\EMPEOPLE2\Desktop\ShowCase-NoRouting\ShowCase-S\Debug\link.6840-cvtres.read.1.tlog
C:\Users\EMPEOPLE2\Desktop\ShowCase-NoRouting\ShowCase-S\Debug\link.6840-cvtres.write.1.tlog
C:\Users\EMPEOPLE2\Desktop\ShowCase-NoRouting\ShowCase-S\Debug\link.6840-mt.read.1.tlog
C:\Users\EMPEOPLE2\Desktop\ShowCase-NoRouting\ShowCase-S\Debug\link.6840-mt.write.1.tlog
C:\Users\EMPEOPLE2\Desktop\ShowCase-NoRouting\ShowCase-S\Debug\link.6840-rc.read.1.tlog
C:\Users\EMPEOPLE2\Desktop\ShowCase-NoRouting\ShowCase-S\Debug\link.6840-rc.write.1.tlog
C:\Users\EMPEOPLE2\Desktop\ShowCase-NoRouting\ShowCase-S\Debug\link.6928.read.1.tlog
C:\Users\EMPEOPLE2\Desktop\ShowCase-NoRouting\ShowCase-S\Debug\link.6928.write.1.tlog
C:\Users\EMPEOPLE2\Desktop\ShowCase-NoRouting\ShowCase-S\Debug\link.6928-cvtres.read.1.tlog
C:\Users\EMPEOPLE2\Desktop\ShowCase-NoRouting\ShowCase-S\Debug\link.6928-cvtres.write.1.tlog
C:\Users\EMPEOPLE2\Desktop\ShowCase-NoRouting\ShowCase-S\Debug\link.6928-mt.read.1.tlog
C:\Users\EMPEOPLE2\Desktop\ShowCase-NoRouting\ShowCase-S\Debug\link.6928-mt.write.1.tlog
C:\Users\EMPEOPLE2\Desktop\ShowCase-NoRouting\ShowCase-S\Debug\link.6928-rc.read.1.tlog
C:\Users\EMPEOPLE2\Desktop\ShowCase-NoRouting\ShowCase-S\Debug\link.6928-rc.write.1.tlog
C:\Users\EMPEOPLE2\Desktop\ShowCase-NoRouting\ShowCase-S\Debug\link.8084.read.1.tlog
C:\Users\EMPEOPLE2\Desktop\ShowCase-NoRouting\ShowCase-S\Debug\link.8084.write.1.tlog
C:\Users\EMPEOPLE2\Desktop\ShowCase-NoRouting\ShowCase-S\Debug\link.8084-cvtres.read.1.tlog
C:\Users\EMPEOPLE2\Desktop\ShowCase-NoRouting\ShowCase-S\Debug\link.8084-cvtres.write.1.tlog
C:\Users\EMPEOPLE2\Desktop\ShowCase-NoRouting\ShowCase-S\Debug\link.8084-mt.read.1.tlog
C:\Users\EMPEOPLE2\Desktop\ShowCase-NoRouting\ShowCase-S\Debug\link.8084-mt.write.1.tlog
C:\Users\EMPEOPLE2\Desktop\ShowCase-NoRouting\ShowCase-S\Debug\link.8084-rc.read.1.tlog
C:\Users\EMPEOPLE2\Desktop\ShowCase-NoRouting\ShowCase-S\Debug\link.8084-rc.write.1.tlog
C:\Users\EMPEOPLE2\Desktop\ShowCase-NoRouting\ShowCase-S\Debug\link.9524.read.1.tlog
C:\Users\EMPEOPLE2\Desktop\ShowCase-NoRouting\ShowCase-S\Debug\link.9524.write.1.tlog
C:\Users\EMPEOPLE2\Desktop\ShowCase-NoRouting\ShowCase-S\Debug\link.9524-cvtres.read.1.tlog
C:\Users\EMPEOPLE2\Desktop\ShowCase-NoRouting\ShowCase-S\Debug\link.9524-cvtres.write.1.tlog
C:\Users\EMPEOPLE2\Desktop\ShowCase-NoRouting\ShowCase-S\Debug\link.command.1.tlog
C:\Users\EMPEOPLE2\Desktop\ShowCase-NoRouting\ShowCase-S\Debug\link.read.1.tlog
C:\Users\EMPEOPLE2\Desktop\ShowCase-NoRouting\ShowCase-S\Debug\link.write.1.tlog
C:\Users\EMPEOPLE2\Desktop\ShowCase-NoRouting\ShowCase-S\Debug\link-cvtres.read.1.tlog
C:\Users\EMPEOPLE2\Desktop\ShowCase-NoRouting\ShowCase-S\Debug\link-cvtres.write.1.tlog
C:\Users\EMPEOPLE2\Desktop\ShowCase-NoRouting\ShowCase-S\Debug\link-mt.read.1.tlog
C:\Users\EMPEOPLE2\Desktop\ShowCase-NoRouting\ShowCase-S\Debug\link-mt.write.1.tlog
C:\Users\EMPEOPLE2\Desktop\ShowCase-NoRouting\ShowCase-S\Debug\link-rc.read.1.tlog
C:\Users\EMPEOPLE2\Desktop\ShowCase-NoRouting\ShowCase-S\Debug\link-rc.write.1.tlog
C:\Users\EMPEOPLE2\Desktop\ShowCase-NoRouting\ShowCase-S\Debug\mt.command.1.tlog
C:\Users\EMPEOPLE2\Desktop\ShowCase-NoRouting\ShowCase-S\Debug\mt.read.1.tlog
C:\Users\EMPEOPLE2\Desktop\ShowCase-NoRouting\ShowCase-S\Debug\mt.write.1.tlog
C:\USERS\EMPEOPLE2\DESKTOP\SHOWCASE-NOROUTING\SHOWCASE-S\DEBUG\NETWORK.OBJ
C:\USERS\EMPEOPLE2\DESKTOP\SHOWCASE-NOROUTING\SHOWCASE-S\DEBUG\NODE.OBJ
C:\USERS\EMPEOPLE2\DESKTOP\SHOWCASE-NOROUTING\SHOWCASE-S\DEBUG\PACKET.OBJ
C:\Users\EMPEOPLE2\Desktop\ShowCase-NoRouting\ShowCase-S\Debug\rc.command.1.tlog
C:\Users\EMPEOPLE2\Desktop\ShowCase-NoRouting\ShowCase-S\Debug\rc.read.1.tlog
C:\Users\EMPEOPLE2\Desktop\ShowCase-NoRouting\ShowCase-S\Debug\rc.write.1.tlog
C:\USERS\EMPEOPLE2\DESKTOP\SHOWCASE-NOROUTING\SHOWCASE-S\DEBUG\SHOWCASE.OBJ
C:\USERS\EMPEOPLE2\DESKTOP\SHOWCASE-NOROUTING\SHOWCASE-S\DEBUG\SHOWCASE.RES
C:\USERS\EMPEOPLE2\DESKTOP\SHOWCASE-NOROUTING\SHOWCASE-S\DEBUG\SHOWCASEDLG.OBJ
C:\USERS\EMPEOPLE2\DESKTOP\SHOWCASE-NOROUTING\SHOWCASE-S\DEBUG\SHOWCASE-S.EXE
C:\Users\EMPEOPLE2\Desktop\ShowCase-NoRouting\ShowCase-S\Debug\ShowCase-S.exe.embed.manifest
C:\USERS\EMPEOPLE2\DESKTOP\SHOWCASE-NOROUTING\SHOWCASE-S\DEBUG\SHOWCASE-S.EXE.EMBED.MANIFEST.RES
C:\USERS\EMPEOPLE2\DESKTOP\SHOWCASE-NOROUTING\SHOWCASE-S\DEBUG\SHOWCASE-S.EXE.INTERMEDIATE.MANIFEST
C:\USERS\EMPEOPLE2\DESKTOP\SHOWCASE-NOROUTING\SHOWCASE-S\DEBUG\SHOWCASE-S.ILK
C:\USERS\EMPEOPLE2\DESKTOP\SHOWCASE-NOROUTING\SHOWCASE-S\DEBUG\SHOWCASE-S.PCH
C:\USERS\EMPEOPLE2\DESKTOP\SHOWCASE-NOROUTING\SHOWCASE-S\DEBUG\SHOWCASE-S.PDB
C:\Users\EMPEOPLE2\Desktop\ShowCase-NoRouting\ShowCase-S\Debug\ShowCase-S.vcxprojResolveAssemblyReference.cache
C:\Users\EMPEOPLE2\Desktop\ShowCase-NoRouting\ShowCase-S\Debug\ShowCase-S.write.1.tlog
C:\Users\EMPEOPLE2\Desktop\ShowCase-NoRouting\ShowCase-S\Debug\ShowCase-S_manifest.rc
C:\USERS\EMPEOPLE2\DESKTOP\SHOWCASE-NOROUTING\SHOWCASE-S\DEBUG\STDAFX.OBJ
C:\Users\EMPEOPLE2\Desktop\ShowCase-NoRouting\ShowCase-S\Debug\vc100.idb
C:\USERS\EMPEOPLE2\DESKTOP\SHOWCASE-NOROUTING\SHOWCASE-S\DEBUG\VC100.PDB
C:\Users\EMPEOPLE2\Desktop\ShowCase-NoRouting\ShowCase-S\Debug\vc110.idb
C:\Users\EMPEOPLE2\Desktop\ShowCase-NoRouting\ShowCase-S\Debug\vc110.pdb
