Build started 2015/6/25 17:34:22.
     1>Project "C:\Users\EMPEOPLE2\Desktop\ShowCase-NoRouting\ShowCase-S\ShowCase-S.vcxproj" on node 2 (build target(s)).
     1>InitializeBuildStatus:
         Creating "Debug\ShowCase-S.unsuccessfulbuild" because "AlwaysCreate" was specified.
       ClCompile:
         All outputs are up-to-date.
         E:\Program Files (x86)\Microsoft Visual Studio 10.0\VC\bin\CL.exe /c /ZI /nologo /W3 /WX- /Od /Oy- /D WIN32 /D _WINDOWS /D _DEBUG /D _UNICODE /D UNICODE /D _AFXDLL /Gm /EHsc /RTC1 /MDd /GS /fp:precise /Zc:wchar_t /Zc:forScope /Yu"StdAfx.h" /Fp"Debug\ShowCase-S.pch" /Fo"Debug\\" /Fd"Debug\vc100.pdb" /Gd /TP /analyze- /errorReport:prompt Node.cpp
         Node.cpp
       ResourceCompile:
         All outputs are up-to-date.
       ManifestResourceCompile:
         All outputs are up-to-date.
       Link:
         E:\Program Files (x86)\Microsoft Visual Studio 10.0\VC\bin\link.exe /ERRORREPORT:PROMPT /OUT:"C:\Users\EMPEOPLE2\Desktop\ShowCase-NoRouting\ShowCase-S\Debug\ShowCase-S.exe" /INCREMENTAL /NOLOGO /MANIFEST /ManifestFile:"Debug\ShowCase-S.exe.intermediate.manifest" /MANIFESTUAC:"level='asInvoker' uiAccess='false'" /DEBUG /PDB:"C:\Users\EMPEOPLE2\Desktop\ShowCase-NoRouting\ShowCase-S\Debug\ShowCase-S.pdb" /SUBSYSTEM:WINDOWS /TLBID:1 /ENTRY:"wWinMainCRTStartup" /DYNAMICBASE /NXCOMPAT /IMPLIB:"C:\Users\EMPEOPLE2\Desktop\ShowCase-NoRouting\ShowCase-S\Debug\ShowCase-S.lib" /MACHINE:X86 Debug\ShowCase.res
         "Debug\ShowCase-S.exe.embed.manifest.res"
         Debug\Battery.obj
         Debug\Network.obj
         Debug\Node.obj
         Debug\Packet.obj
         Debug\ShowCase.obj
         Debug\ShowCaseDlg.obj
         Debug\stdafx.obj
       Manifest:
         c:\Program Files (x86)\Microsoft SDKs\Windows\v7.0A\bin\mt.exe /nologo /verbose /out:"Debug\ShowCase-S.exe.embed.manifest" /manifest "Debug\ShowCase-S.exe.intermediate.manifest" "E:\Program Files (x86)\Microsoft Visual Studio 10.0\VC\Include\Manifest\dpiaware.manifest"
         All outputs are up-to-date.
       LinkEmbedManifest:
         All outputs are up-to-date.
         ShowCase-S.vcxproj -> C:\Users\EMPEOPLE2\Desktop\ShowCase-NoRouting\ShowCase-S\Debug\ShowCase-S.exe
       FinalizeBuildStatus:
         Deleting file "Debug\ShowCase-S.unsuccessfulbuild".
         Touching "Debug\ShowCase-S.lastbuildstate".
     1>Done Building Project "C:\Users\EMPEOPLE2\Desktop\ShowCase-NoRouting\ShowCase-S\ShowCase-S.vcxproj" (build target(s)).

Build succeeded.

Time Elapsed 00:00:01.35
